<?xml version="1.0" encoding="UTF-8"?>
<!-- Generated by org.testng.reporters.JUnitXMLReporter -->
<testsuite ignored="0" hostname="ThreeHarVanK" failures="1" tests="1" name="Default test(failed)" time="0.339" errors="0" timestamp="2026-03-10T15:14:28 EDT">
  <testcase classname="First.Project.paralleltest" name="testMethod" time="0.0">
    <failure type="org.testng.TestNGException" message="
Parameter &amp;apos;browser&amp;apos; is required by @Test on method testMethod but has not been marked @Optional or defined
in C:\Users\harit\eclipse-workspace\First_Project\test-output\testng-failed.xml">
      <![CDATA[org.testng.TestNGException: 
Parameter 'browser' is required by @Test on method testMethod but has not been marked @Optional or defined
in C:\Users\harit\eclipse-workspace\First_Project\test-output\testng-failed.xml
at java.base/java.util.ArrayList.forEach(ArrayList.java:1596)
... Removed 26 stack frames]]>
    </failure>
  </testcase> <!-- testMethod -->
</testsuite> <!-- Default test(failed) -->
