<?xml version="1.0" encoding="UTF-8"?>
<testng-results ignored="0" total="1" passed="1" failed="0" skipped="0">
  <reporter-output>
  </reporter-output>
  <suite started-at="2026-03-11T11:15:29 EDT" name="Default suite" finished-at="2026-03-11T11:15:35 EDT" duration-ms="5484">
    <groups>
    </groups>
    <test started-at="2026-03-11T11:15:29 EDT" name="Default test" finished-at="2026-03-11T11:15:35 EDT" duration-ms="5484">
      <class name="First.Project.FacebookHome">
        <test-method signature="launchFacebook()[pri:0, instance:First.Project.FacebookHome@7188af83]" started-at="2026-03-11T11:15:29 EDT" name="launchFacebook" finished-at="2026-03-11T11:15:35 EDT" duration-ms="5341" status="PASS">
          <reporter-output>
          </reporter-output>
        </test-method> <!-- launchFacebook -->
      </class> <!-- First.Project.FacebookHome -->
    </test> <!-- Default test -->
  </suite> <!-- Default suite -->
</testng-results>
