<?xml version="1.0" encoding="UTF-8"?>
<testng-results ignored="0" total="1" passed="1" failed="0" skipped="0">
  <reporter-output>
  </reporter-output>
  <suite started-at="2026-03-03T17:49:26 EST" name="Default suite" finished-at="2026-03-03T17:49:26 EST" duration-ms="231">
    <groups>
    </groups>
    <test started-at="2026-03-03T17:49:26 EST" name="Default test" finished-at="2026-03-03T17:49:26 EST" duration-ms="231">
      <class name="First.Project.Skipmethod">
        <test-method signature="test1()[pri:0, instance:First.Project.Skipmethod@24569dba]" started-at="2026-03-03T17:49:26 EST" name="test1" finished-at="2026-03-03T17:49:26 EST" duration-ms="24" status="PASS">
          <reporter-output>
          </reporter-output>
        </test-method> <!-- test1 -->
      </class> <!-- First.Project.Skipmethod -->
    </test> <!-- Default test -->
  </suite> <!-- Default suite -->
</testng-results>
