<?xml version="1.0" encoding="UTF-8"?>
<!-- Generated by org.testng.reporters.JUnitReportReporter -->
<testsuite hostname="ThreeHarVanK" failures="0" tests="2" name="First.Project.Skipmethod" time="0.024" errors="0" timestamp="2026-03-03T17:49:27 EST" skipped="1">
  <testcase classname="First.Project.Skipmethod" name="test1" time="0.024"/>
  <testcase classname="First.Project.Skipmethod" name="test2">
    <skipped/>
  </testcase> <!-- test2 -->
</testsuite> <!-- First.Project.Skipmethod -->
