<?xml version="1.0" encoding="UTF-8"?>
<!-- Generated by org.testng.reporters.JUnitReportReporter -->
<testsuite hostname="ThreeHarVanK" failures="0" tests="3" name="First.Project.Invocationcount" time="0.101" errors="0" timestamp="2026-03-03T17:38:58 EST" skipped="0">
  <testcase classname="First.Project.Invocationcount" name="testMethod" time="0.006"/>
  <testcase classname="First.Project.Invocationcount" name="testMethod" time="0.089"/>
  <testcase classname="First.Project.Invocationcount" name="testMethod" time="0.006"/>
</testsuite> <!-- First.Project.Invocationcount -->
